0 info it worked if it ends with ok
1 verbose cli [ '/usr/bin/node', '/usr/bin/npm', 'start' ]
2 info using npm@1.4.9
3 info using node@v0.10.28
4 verbose node symlink /usr/bin/node
5 verbose run-script [ 'prestart', 'start', 'poststart' ]
6 info prestart streams-for-the-damned@0.0.0
7 info start streams-for-the-damned@0.0.0
8 verbose unsafe-perm in lifecycle true
9 info streams-for-the-damned@0.0.0 Failed to exec start script
10 error streams-for-the-damned@0.0.0 start: `node server.js`
10 error Exit status 8
11 error Failed at the streams-for-the-damned@0.0.0 start script.
11 error This is most likely a problem with the streams-for-the-damned package,
11 error not with npm itself.
11 error Tell the author that this fails on your system:
11 error     node server.js
11 error You can get their info via:
11 error     npm owner ls streams-for-the-damned
11 error There is likely additional logging output above.
12 error System Linux 3.4.0
13 error command "/usr/bin/node" "/usr/bin/npm" "start"
14 error cwd /home/user/BitTorrent Sync/Projects/spire
15 error node -v v0.10.28
16 error npm -v 1.4.9
17 error code ELIFECYCLE
18 verbose exit [ 1, true ]
